!SESSION 2015-03-02 18:41:29.419 -----------------------------------------------
eclipse.buildId=4.4.0.I20140606-1215
java.version=1.8.0_31
java.vendor=Oracle Corporation
BootLoader constants: OS=linux, ARCH=x86_64, WS=gtk, NL=en_US
Framework arguments:  -application org.eclipse.ui.ide.workbench
Command-line arguments:  -application org.eclipse.ui.ide.workbench -data /home/rbeasley/Github/SPDX_Eclipse_Plugin/Source/../runtime-EclipseApplication -dev file:/home/rbeasley/Github/SPDX_Eclipse_Plugin/Source/.metadata/.plugins/org.eclipse.pde.core/Eclipse Application/dev.properties -os linux -ws gtk -arch x86_64 -consoleLog

!ENTRY SPDX_Eclipse_Plugin 2 0 2015-03-02 18:41:29.923
!MESSAGE Could not resolve module: SPDX_Eclipse_Plugin [2]
  Unresolved requirement: Require-Bundle: org.eclipse.ui


!ENTRY org.eclipse.osgi 4 0 2015-03-02 18:41:29.924
!MESSAGE Application error
!STACK 1
java.lang.IllegalStateException: Unable to acquire application service. Ensure that the org.eclipse.core.runtime bundle is resolved and started (see config.ini).
	at org.eclipse.core.runtime.internal.adaptor.EclipseAppLauncher.start(EclipseAppLauncher.java:78)
	at org.eclipse.core.runtime.adaptor.EclipseStarter.run(EclipseStarter.java:382)
	at org.eclipse.core.runtime.adaptor.EclipseStarter.run(EclipseStarter.java:236)
	at sun.reflect.NativeMethodAccessorImpl.invoke0(Native Method)
	at sun.reflect.NativeMethodAccessorImpl.invoke(NativeMethodAccessorImpl.java:62)
	at sun.reflect.DelegatingMethodAccessorImpl.invoke(DelegatingMethodAccessorImpl.java:43)
	at java.lang.reflect.Method.invoke(Method.java:483)
	at org.eclipse.equinox.launcher.Main.invokeFramework(Main.java:648)
	at org.eclipse.equinox.launcher.Main.basicRun(Main.java:603)
	at org.eclipse.equinox.launcher.Main.run(Main.java:1465)
	at org.eclipse.equinox.launcher.Main.main(Main.java:1438)
